<?xml version="1.0" encoding="UTF-8"?>
<!-- Generated by org.testng.reporters.JUnitReportReporter -->
<testsuite hostname="LAPTOP-DK97CVEC" failures="0" tests="15" name="test.VerifyApplicationHeaderPage" time="47.335" errors="0" timestamp="2022-04-10T16:29:12 IST" skipped="0">
  <testcase classname="test.VerifyApplicationHeaderPage" name="verifyTimeTrack" time="3.513"/>
  <system-out/>
  <testcase classname="test.VerifyApplicationHeaderPage" name="verifyTimeTrack" time="4.940"/>
  <system-out/>
  <testcase classname="test.VerifyApplicationHeaderPage" name="verifyTimeTrack" time="2.938"/>
  <system-out/>
  <testcase classname="test.VerifyApplicationHeaderPage" name="verifyTasksTab" time="2.917"/>
  <system-out/>
  <testcase classname="test.VerifyApplicationHeaderPage" name="verifyTasksTab" time="3.357"/>
  <system-out/>
  <testcase classname="test.VerifyApplicationHeaderPage" name="verifyTasksTab" time="3.227"/>
  <system-out/>
  <testcase classname="test.VerifyApplicationHeaderPage" name="verifyReports" time="2.706"/>
  <system-out/>
  <testcase classname="test.VerifyApplicationHeaderPage" name="verifyReports" time="2.829"/>
  <system-out/>
  <testcase classname="test.VerifyApplicationHeaderPage" name="verifyReports" time="3.508"/>
  <system-out/>
  <testcase classname="test.VerifyApplicationHeaderPage" name="verifyUserTab" time="3.181"/>
  <system-out/>
  <testcase classname="test.VerifyApplicationHeaderPage" name="verifyUserTab" time="3.008"/>
  <system-out/>
  <testcase classname="test.VerifyApplicationHeaderPage" name="verifyUserTab" time="2.937"/>
  <system-out/>
  <testcase classname="test.VerifyApplicationHeaderPage" name="verifyWorkShedule" time="2.633"/>
  <system-out/>
  <testcase classname="test.VerifyApplicationHeaderPage" name="verifyWorkShedule" time="2.860"/>
  <system-out/>
  <testcase classname="test.VerifyApplicationHeaderPage" name="verifyWorkShedule" time="2.781"/>
  <system-out/>
</testsuite> <!-- test.VerifyApplicationHeaderPage -->
