<?xml version="1.0" encoding="UTF-8"?>
<!-- Generated by org.testng.reporters.JUnitReportReporter -->
<testsuite hostname="LAPTOP-DK97CVEC" failures="0" tests="15" name="test.CopiedVerifyApplicationHeaderPage" time="50.613" errors="0" timestamp="2022-04-10T16:29:12 IST" skipped="0">
  <testcase classname="test.CopiedVerifyApplicationHeaderPage" name="verifyTimeTrack" time="5.566"/>
  <system-out/>
  <testcase classname="test.CopiedVerifyApplicationHeaderPage" name="verifyTimeTrack" time="3.216"/>
  <system-out/>
  <testcase classname="test.CopiedVerifyApplicationHeaderPage" name="verifyTimeTrack" time="4.091"/>
  <system-out/>
  <testcase classname="test.CopiedVerifyApplicationHeaderPage" name="verifyTasksTab" time="2.975"/>
  <system-out/>
  <testcase classname="test.CopiedVerifyApplicationHeaderPage" name="verifyTasksTab" time="3.532"/>
  <system-out/>
  <testcase classname="test.CopiedVerifyApplicationHeaderPage" name="verifyTasksTab" time="2.893"/>
  <system-out/>
  <testcase classname="test.CopiedVerifyApplicationHeaderPage" name="verifyReports" time="2.949"/>
  <system-out/>
  <testcase classname="test.CopiedVerifyApplicationHeaderPage" name="verifyReports" time="3.580"/>
  <system-out/>
  <testcase classname="test.CopiedVerifyApplicationHeaderPage" name="verifyReports" time="3.191"/>
  <system-out/>
  <testcase classname="test.CopiedVerifyApplicationHeaderPage" name="verifyUserTab" time="3.321"/>
  <system-out/>
  <testcase classname="test.CopiedVerifyApplicationHeaderPage" name="verifyUserTab" time="3.077"/>
  <system-out/>
  <testcase classname="test.CopiedVerifyApplicationHeaderPage" name="verifyUserTab" time="3.208"/>
  <system-out/>
  <testcase classname="test.CopiedVerifyApplicationHeaderPage" name="verifyWorkShedule" time="3.037"/>
  <system-out/>
  <testcase classname="test.CopiedVerifyApplicationHeaderPage" name="verifyWorkShedule" time="2.931"/>
  <system-out/>
  <testcase classname="test.CopiedVerifyApplicationHeaderPage" name="verifyWorkShedule" time="3.046"/>
  <system-out/>
</testsuite> <!-- test.CopiedVerifyApplicationHeaderPage -->
